wb_npu_helper.adb:1:12: warning: unit "System.Address_To_Access_Conversions" is not referenced [-gnatwu]
wb_npu_helper.adb:2:12: warning: unit "System.Storage_Elements" is not referenced [-gnatwu]
wb_npu_helper.adb:8:03: (style) two spaces required [-gnatyc]
wb_npu_helper.adb:14:06: (style) two spaces required [-gnatyc]
wb_npu_helper.adb:20:06: (style) two spaces required [-gnatyc]
wb_npu_helper.adb:26:06: (style) two spaces required [-gnatyc]
wb_npu_helper.adb:32:06: (style) two spaces required [-gnatyc]
wb_npu_helper.adb:38:06: (style) two spaces required [-gnatyc]
wb_npu_helper.adb:44:06: (style) two spaces required [-gnatyc]
wb_npu_helper.adb:50:06: (style) two spaces required [-gnatyc]
wb_npu_helper.adb:56:06: (style) two spaces required [-gnatyc]
wb_npu_helper.adb:62:06: (style) two spaces required [-gnatyc]
wb_npu_helper.adb:68:06: (style) two spaces required [-gnatyc]
wb_npu_helper.adb:72:04: (style) "end Set_Zero_Point" required [-gnatye]
wb_npu_helper.adb:74:06: (style) two spaces required [-gnatyc]
wb_npu_helper.adb:79:04: (style) "end Set_Quantized_Multiplier_Register" required [-gnatye]
wb_npu_helper.adb:81:06: (style) two spaces required [-gnatyc]
wb_npu_helper.adb:88:04: (style) "end Set_Quantized_Multiplier_Right_Shift_Register" required [-gnatye]
wb_npu_helper.adb:90:06: (style) two spaces required [-gnatyc]
wb_npu_helper.adb:94:04: (style) "end Set_N_Outputs" required [-gnatye]
wb_npu_helper.adb:95:06: (style) two spaces required [-gnatyc]
wb_npu_helper.adb:103:06: (style) two spaces required [-gnatyc]
wb_npu_helper.adb:108:09: (style) two spaces required [-gnatyc]
wb_npu_helper.adb:109:09: (style) two spaces required [-gnatyc]
wb_npu_helper.adb:110:10: (style) redundant parentheses [-gnatyx]
wb_npu_helper.adb:139:06: (style) two spaces required [-gnatyc]
wb_npu_helper.adb:161:06: (style) two spaces required [-gnatyc]
wb_npu_helper.adb:167:06: (style) two spaces required [-gnatyc]
wb_npu_helper.adb:173:06: (style) two spaces required [-gnatyc]
wb_npu_helper.adb:181:06: (style) two spaces required [-gnatyc]
wb_npu_helper.adb:182:06: (style) two spaces required [-gnatyc]
wb_npu_helper.adb:183:06: (style) two spaces required [-gnatyc]
wb_npu_helper.adb:184:06: (style) two spaces required [-gnatyc]
wb_npu_helper.adb:192:38: (style) "in" should be omitted [-gnatyI]
wb_npu_helper.adb:227:38: (style) "in" should be omitted [-gnatyI]
wb_npu_helper.adb:262:38: (style) "in" should be omitted [-gnatyI]
wb_npu_helper.ads:1:06: warning: unit "Interfaces" is not referenced in spec [-gnatwu]
wb_npu_helper.ads:1:06: warning: with clause might be moved to body [-gnatwu]
wb_npu_helper.ads:2:06: warning: no entities of "System" are referenced in spec [-gnatwu]
wb_npu_helper.ads:2:06: warning: with clause might be moved to body [-gnatwu]
wb_npu_helper.ads:3:06: (style) bad casing of "Input_Output_Helper" declared at input_output_helper.ads:6 [-gnatyr]
wb_npu_helper.ads:3:31: (style) bad casing of "Input_Output_Helper" declared at input_output_helper.ads:6 [-gnatyr]
wb_npu_helper.ads:4:06: (style) bad casing of "Input_Output_Helper" declared at input_output_helper.ads:6 [-gnatyr]
wb_npu_helper.ads:4:06: warning: redundant with clause [-gnatwr]
wb_npu_helper.ads:4:31: (style) bad casing of "Input_Output_Helper" declared at input_output_helper.ads:6 [-gnatyr]
wb_npu_helper.ads:4:31: warning: "Input_Output_Helper" is already use-visible through previous use_clause at line 3 [-gnatwr]
wb_npu_helper.ads:8:06: (style) two spaces required [-gnatyc]
wb_npu_helper.ads:9:06: (style) two spaces required [-gnatyc]
wb_npu_helper.ads:10:44: (style) space required [-gnatyc]
wb_npu_helper.ads:11:44: (style) space required [-gnatyc]
wb_npu_helper.ads:12:44: (style) space required [-gnatyc]
wb_npu_helper.ads:13:44: (style) space required [-gnatyc]
wb_npu_helper.ads:15:16: (style) space required [-gnatyc]
wb_npu_helper.ads:17:52: (style) space required [-gnatyc]
wb_npu_helper.ads:19:48: (style) space required [-gnatyc]
wb_npu_helper.ads:20:48: (style) space required [-gnatyc]
wb_npu_helper.ads:21:49: (style) space required [-gnatyc]
wb_npu_helper.ads:23:06: (style) two spaces required [-gnatyc]
wb_npu_helper.ads:24:45: (style) space required [-gnatyc]
wb_npu_helper.ads:25:45: (style) space required [-gnatyc]
wb_npu_helper.ads:27:06: (style) two spaces required [-gnatyc]
wb_npu_helper.ads:28:46: (style) space required [-gnatyc]
wb_npu_helper.ads:30:13: (style) space required [-gnatyc]
wb_npu_helper.ads:31:46: (style) space required [-gnatyc]
wb_npu_helper.ads:32:46: (style) space required [-gnatyc]
wb_npu_helper.ads:34:06: (style) two spaces required [-gnatyc]
wb_npu_helper.ads:35:39: (style) space required [-gnatyc]
wb_npu_helper.ads:36:55: (style) space required [-gnatyc]
wb_npu_helper.ads:37:49: (style) space required [-gnatyc]
wb_npu_helper.ads:39:49: (style) space required [-gnatyc]
wb_npu_helper.ads:41:27: (style) space required [-gnatyc]
wb_npu_helper.ads:44:21: (style) space required [-gnatyc]
wb_npu_helper.ads:47:21: (style) space required [-gnatyc]
wb_npu_helper.ads:50:21: (style) space required [-gnatyc]
wb_npu_helper.ads:54:32: (style) space required [-gnatyc]
wb_npu_helper.ads:56:32: (style) space required [-gnatyc]
wb_npu_helper.ads:59:21: (style) space required [-gnatyc]
wb_npu_helper.ads:61:23: (style) space required [-gnatyc]
wb_npu_helper.ads:62:73: (style) space required [-gnatyc]
wb_npu_helper.ads:64:06: (style) two spaces required [-gnatyc]
wb_npu_helper.ads:78:06: (style) two spaces required [-gnatyc]
wb_npu_helper.ads:82:13: (style) "in" should be omitted [-gnatyI]
wb_npu_helper.ads:90:13: (style) "in" should be omitted [-gnatyI]
wb_npu_helper.ads:98:13: (style) "in" should be omitted [-gnatyI]
wb_npu_helper.ads:110:06: (style) two spaces required [-gnatyc]
wb_npu_helper.ads:120:06: (style) two spaces required [-gnatyc]
