wb_npu_helper-pooling.adb:4:06: (style) two spaces required [-gnatyc]
wb_npu_helper-pooling.adb:5:06: (style) two spaces required [-gnatyc]
wb_npu_helper-pooling.adb:9:07: warning: constant "Out_N" is not referenced [-gnatwu]
wb_npu_helper-pooling.adb:9:45: (style) space required [-gnatyc]
wb_npu_helper-pooling.adb:11:24: (style) space required [-gnatyc]
wb_npu_helper-pooling.adb:16:35: (style) space required [-gnatyc]
wb_npu_helper-pooling.adb:19:06: (style) two spaces required [-gnatyc]
wb_npu_helper-pooling.adb:20:06: (style) two spaces required [-gnatyc]
wb_npu_helper-pooling.adb:21:36: (style) bad casing of "Apply_AvgPool_2x2_All_words" declared at wb_npu_helper-pooling.ads:7 [-gnatyr]
wb_npu_helper-pooling.adb:24:07: warning: constant "Out_N" is not referenced [-gnatwu]
wb_npu_helper-pooling.adb:24:45: (style) space required [-gnatyc]
wb_npu_helper-pooling.adb:31:35: (style) space required [-gnatyc]
wb_npu_helper-pooling.adb:33:30: (style) bad casing of "Apply_AvgPool_2x2_All_words" declared at wb_npu_helper-pooling.ads:7 [-gnatyr]
wb_npu_helper-pooling.adb:42:09: (style) two spaces required [-gnatyc]
wb_npu_helper-pooling.adb:44:32: (style) bad casing of "Apply_AvgPool_2x2_All_words" declared at wb_npu_helper-pooling.ads:7 [-gnatyr]
wb_npu_helper-pooling.adb:44:37: (style) space required [-gnatyt]
wb_npu_helper-pooling.adb:55:09: (style) two spaces required [-gnatyc]
wb_npu_helper-pooling.adb:57:37: (style) space required [-gnatyt]
wb_npu_helper-pooling.ads:3:06: (style) two spaces required [-gnatyc]
wb_npu_helper-pooling.ads:4:06: (style) two spaces required [-gnatyc]
wb_npu_helper-pooling.ads:9:80: (style) this line is too long [-gnatyM]
wb_npu_helper-pooling.ads:9:81: (style) space required [-gnatyt]
wb_npu_helper-pooling.ads:10:80: (style) this line is too long [-gnatyM]
wb_npu_helper-pooling.ads:10:81: (style) space required [-gnatyt]
