wb_npu_helper-activation.adb:6:06: (style) two spaces required [-gnatyc]
wb_npu_helper-activation.adb:7:06: (style) two spaces required [-gnatyc]
wb_npu_helper-activation.adb:8:06: (style) two spaces required [-gnatyc]
wb_npu_helper-activation.adb:18:35: (style) space required [-gnatyc]
wb_npu_helper-activation.adb:30:35: (style) space required [-gnatyc]
wb_npu_helper-activation.adb:33:06: (style) two spaces required [-gnatyc]
wb_npu_helper-activation.adb:34:06: (style) two spaces required [-gnatyc]
wb_npu_helper-activation.adb:35:06: (style) two spaces required [-gnatyc]
wb_npu_helper-activation.adb:44:09: (style) two spaces required [-gnatyc]
wb_npu_helper-activation.adb:46:09: (style) two spaces required [-gnatyc]
wb_npu_helper-activation.adb:50:09: (style) two spaces required [-gnatyc]
wb_npu_helper-activation.adb:53:09: (style) two spaces required [-gnatyc]
wb_npu_helper-activation.adb:56:09: (style) two spaces required [-gnatyc]
wb_npu_helper-activation.adb:57:47: (style) space required [-gnatyc]
wb_npu_helper-activation.adb:62:35: (style) space required [-gnatyc]
wb_npu_helper-activation.adb:63:01: (style) multiple blank lines [-gnatyu]
wb_npu_helper-activation.adb:65:09: (style) two spaces required [-gnatyc]
wb_npu_helper-activation.adb:66:09: (style) two spaces required [-gnatyc]
wb_npu_helper-activation.adb:68:12: (style) two spaces required [-gnatyc]
wb_npu_helper-activation.adb:86:18: (style) two spaces required [-gnatyc]
wb_npu_helper-activation.adb:94:09: (style) two spaces required [-gnatyc]
wb_npu_helper-activation.adb:95:09: (style) two spaces required [-gnatyc]
wb_npu_helper-activation.adb:96:09: (style) two spaces required [-gnatyc]
wb_npu_helper-activation.adb:98:09: (style) two spaces required [-gnatyc]
wb_npu_helper-activation.adb:99:10: (style) redundant parentheses [-gnatyx]
wb_npu_helper-activation.adb:107:10: (style) redundant parentheses [-gnatyx]
wb_npu_helper-activation.adb:121:18: (style) two spaces required [-gnatyc]
wb_npu_helper-activation.adb:126:09: (style) two spaces required [-gnatyc]
wb_npu_helper-activation.adb:127:09: (style) two spaces required [-gnatyc]
wb_npu_helper-activation.adb:128:10: (style) redundant parentheses [-gnatyx]
wb_npu_helper-activation.adb:130:32: (style) space required [-gnatyc]
wb_npu_helper-activation.adb:134:09: (style) two spaces required [-gnatyc]
wb_npu_helper-activation.adb:135:22: warning: redundant conversion, "Inverted_Sum" is of type "Word" [-gnatwr]
wb_npu_helper-activation.adb:135:47: (style) space required [-gnatyc]
wb_npu_helper-activation.adb:136:46: (style) space required [-gnatyc]
wb_npu_helper-activation.adb:141:35: (style) space required [-gnatyc]
wb_npu_helper-activation.ads:2:06: (style) two spaces required [-gnatyc]
wb_npu_helper-activation.ads:10:17: (style) space required [-gnatyt]
wb_npu_helper-activation.ads:11:17: (style) space required [-gnatyt]
wb_npu_helper-activation.ads:12:17: (style) space required [-gnatyt]
